2025-04-27 17:08:26,787 INFO:main.py:240:print_splash_screen:PDB2PQR v3.6.2: biomolecular structure conversion software.
2025-04-27 17:08:26,787 INFO:main.py:242:print_splash_screen:Please cite:  Jurrus E, et al.  Improvements to the APBS biomolecular solvation software suite.  Protein Sci 27 112-128 (2018).
2025-04-27 17:08:26,787 INFO:main.py:242:print_splash_screen:Please cite:  Dolinsky TJ, et al.  PDB2PQR: expanding and upgrading automated preparation of biomolecular structures for molecular simulations. Nucleic Acids Res 35 W522-W525 (2007).
2025-04-27 17:08:26,787 INFO:main.py:768:main_driver:Checking and transforming input arguments.
2025-04-27 17:08:26,788 INFO:main.py:772:main_driver:Loading topology files.
2025-04-27 17:08:26,908 INFO:main.py:774:main_driver:Loading molecule: proteins/protein_3dd5.pdb
2025-04-27 17:08:26,909 ERROR:pdb.py:2584:read_pdb:Error parsing line: invalid literal for int() with base 10: ''
2025-04-27 17:08:26,909 ERROR:pdb.py:2585:read_pdb:<REMARK     2>
2025-04-27 17:08:26,909 ERROR:pdb.py:2586:read_pdb:Truncating remaining errors for record type:REMARK
2025-04-27 17:08:27,019 WARNING:io.py:468:get_molecule:Warning: proteins/protein_3dd5.pdb is a non-standard PDB file.

2025-04-27 17:08:27,019 ERROR:io.py:469:get_molecule:['REMARK']
2025-04-27 17:08:27,019 INFO:main.py:779:main_driver:Setting up molecule.
2025-04-27 17:08:27,148 INFO:main.py:417:setup_molecule:Created biomolecule object with 1547 residues and 11428 atoms.
2025-04-27 17:08:27,150 INFO:main.py:783:main_driver:Setting termini states for biomolecule chains.
2025-04-27 17:08:27,207 INFO:main.py:613:non_trivial:Loading forcefield.
2025-04-27 17:08:27,223 INFO:main.py:617:non_trivial:Loading hydrogen topology definitions.
2025-04-27 17:08:27,232 WARNING:biomolecule.py:157:num_missing_heavy:Missing atom OG1 in residue THR A 58
2025-04-27 17:08:27,233 WARNING:biomolecule.py:157:num_missing_heavy:Missing atom C in residue GLY A 224
2025-04-27 17:08:27,233 WARNING:biomolecule.py:157:num_missing_heavy:Missing atom O in residue GLY A 224
2025-04-27 17:08:27,234 WARNING:biomolecule.py:157:num_missing_heavy:Missing atom OXT in residue GLY A 224
2025-04-27 17:08:27,240 WARNING:biomolecule.py:157:num_missing_heavy:Missing atom CG2 in residue THR G 58
2025-04-27 17:08:27,241 WARNING:biomolecule.py:157:num_missing_heavy:Missing atom CG2 in residue THR H 40
2025-04-27 17:08:27,241 WARNING:biomolecule.py:157:num_missing_heavy:Missing atom OG1 in residue THR H 58
2025-04-27 17:08:27,243 WARNING:biomolecule.py:157:num_missing_heavy:Missing atom OG1 in residue THR A 58
2025-04-27 17:08:27,246 WARNING:biomolecule.py:157:num_missing_heavy:Missing atom C in residue GLY A 224
2025-04-27 17:08:27,247 WARNING:biomolecule.py:157:num_missing_heavy:Missing atom O in residue GLY A 224
2025-04-27 17:08:27,247 WARNING:biomolecule.py:157:num_missing_heavy:Missing atom OXT in residue GLY A 224
2025-04-27 17:08:27,256 WARNING:biomolecule.py:157:num_missing_heavy:Missing atom CG2 in residue THR G 58
2025-04-27 17:08:27,258 WARNING:biomolecule.py:157:num_missing_heavy:Missing atom CG2 in residue THR H 40
2025-04-27 17:08:27,259 WARNING:biomolecule.py:157:num_missing_heavy:Missing atom OG1 in residue THR H 58
2025-04-27 17:08:27,260 INFO:main.py:627:non_trivial:Attempting to repair 7 missing atoms in biomolecule.
2025-04-27 17:08:27,261 WARNING:biomolecule.py:157:num_missing_heavy:Missing atom OG1 in residue THR A 58
2025-04-27 17:08:27,262 WARNING:biomolecule.py:157:num_missing_heavy:Missing atom C in residue GLY A 224
2025-04-27 17:08:27,262 WARNING:biomolecule.py:157:num_missing_heavy:Missing atom O in residue GLY A 224
2025-04-27 17:08:27,262 WARNING:biomolecule.py:157:num_missing_heavy:Missing atom OXT in residue GLY A 224
2025-04-27 17:08:27,269 WARNING:biomolecule.py:157:num_missing_heavy:Missing atom CG2 in residue THR G 58
2025-04-27 17:08:27,269 WARNING:biomolecule.py:157:num_missing_heavy:Missing atom CG2 in residue THR H 40
2025-04-27 17:08:27,270 WARNING:biomolecule.py:157:num_missing_heavy:Missing atom OG1 in residue THR H 58
2025-04-27 17:08:27,271 INFO:biomolecule.py:1077:repair_heavy:Added atom OG1 to residue THR A 58 at coordinates 9.410, -40.041, 42.398
2025-04-27 17:08:27,271 INFO:biomolecule.py:1077:repair_heavy:Added atom C to residue GLY A 224 at coordinates -8.243, -12.825, 34.690
2025-04-27 17:08:27,272 INFO:biomolecule.py:1077:repair_heavy:Added atom O to residue GLY A 224 at coordinates -7.313, -12.158, 34.188
2025-04-27 17:08:27,272 INFO:biomolecule.py:1077:repair_heavy:Added atom OXT to residue GLY A 224 at coordinates -9.307, -12.394, 34.166
2025-04-27 17:08:27,277 INFO:biomolecule.py:1077:repair_heavy:Added atom CG2 to residue THR G 58 at coordinates 6.647, -37.785, 78.212
2025-04-27 17:08:27,279 INFO:biomolecule.py:1077:repair_heavy:Added atom CG2 to residue THR H 40 at coordinates 5.945, 14.548, -7.725
2025-04-27 17:08:27,279 INFO:biomolecule.py:1077:repair_heavy:Added atom OG1 to residue THR H 58 at coordinates -17.650, 17.752, 0.233
2025-04-27 17:08:27,280 INFO:main.py:632:non_trivial:Updating disulfide bridges.
2025-04-27 17:08:27,293 INFO:main.py:635:non_trivial:Debumping biomolecule.
2025-04-27 17:08:27,753 INFO:main.py:658:non_trivial:Adding hydrogens to biomolecule.
2025-04-27 17:08:29,856 INFO:main.py:661:non_trivial:Debumping biomolecule (again).
2025-04-27 17:08:31,639 INFO:main.py:663:non_trivial:Optimizing hydrogen bonds
2025-04-27 17:08:36,238 INFO:main.py:675:non_trivial:Applying force field to biomolecule states.
2025-04-27 17:08:36,266 INFO:main.py:722:non_trivial:Regenerating headers.
2025-04-27 17:08:36,271 INFO:main.py:747:non_trivial:Regenerating PDB lines.
2025-04-27 17:08:36,420 WARNING:main.py:320:print_pqr:Ignoring 390 header lines in output.
2025-04-27 17:08:36,634 WARNING:main.py:363:print_pdb:Ignoring 390 header lines in output.
